  Halide Template Matching v2.0.cpp
C:\Users\rok10\Documents\Halide\tools\halide_image_io.h(195): warning C4267: 'argument': conversion from 'size_t' to 'int', possible loss of data
  C:\Users\rok10\Documents\Halide\tools\halide_image_io.h(587): note: see reference to function template instantiation 'bool Halide::Tools::load_png<ImageType,bool Halide::Tools::Internal::CheckFail(bool,const char *,...)>(const std::string &,ImageType *)' being compiled
          with
          [
              ImageType=Halide::Image<float>
          ]
  C:\Users\rok10\Documents\Halide\tools\halide_image_io.h(622): note: see reference to function template instantiation 'bool Halide::Tools::load<ImageType,bool Halide::Tools::Internal::CheckFail(bool,const char *,...)>(const std::string &,ImageType *)' being compiled
          with
          [
              ImageType=Halide::Image<float>
          ]
  Halide Template Matching v2.0.cpp(105): note: see reference to function template instantiation 'Halide::Tools::load_image::operator ImageType(void)<Halide::Image<float>>' being compiled
          with
          [
              ImageType=Halide::Image<float>
          ]
C:\Users\rok10\Documents\Halide\tools\halide_image_io.h(386): warning C4800: 'int': forcing value to bool 'true' or 'false' (performance warning)
  C:\Users\rok10\Documents\Halide\tools\halide_image_io.h(589): note: see reference to function template instantiation 'bool Halide::Tools::load_pgm<ImageType,bool Halide::Tools::Internal::CheckFail(bool,const char *,...)>(const std::string &,ImageType *)' being compiled
          with
          [
              ImageType=Halide::Image<float>
          ]
C:\Users\rok10\Documents\Halide\tools\halide_image_io.h(494): warning C4800: 'int': forcing value to bool 'true' or 'false' (performance warning)
  C:\Users\rok10\Documents\Halide\tools\halide_image_io.h(591): note: see reference to function template instantiation 'bool Halide::Tools::load_ppm<ImageType,bool Halide::Tools::Internal::CheckFail(bool,const char *,...)>(const std::string &,ImageType *)' being compiled
          with
          [
              ImageType=Halide::Image<float>
          ]
C:\Users\rok10\Documents\Halide\tools\halide_image_io.h(497): warning C4800: 'int': forcing value to bool 'true' or 'false' (performance warning)
C:\Users\rok10\Documents\Halide\tools\halide_image_io.h(500): warning C4800: 'int': forcing value to bool 'true' or 'false' (performance warning)
  Generating code
  3 of 1328 functions ( 0.2%) were compiled, the rest were copied from previous compilation.
    0 functions were new in current compilation
    19 functions had inline decision re-evaluated but remain unchanged
  Finished generating code
  Halide Template Matching v2.0.vcxproj -> C:\Users\rok10\Documents\GitHub\Halide Template Matching v2.0\x64\Release\Halide Template Matching v2.0.exe
  Halide Template Matching v2.0.vcxproj -> C:\Users\rok10\Documents\GitHub\Halide Template Matching v2.0\x64\Release\Halide Template Matching v2.0.pdb (Full PDB)
